<?xml version="1.0" encoding="UTF-8"?>
<!-- Generated by org.testng.reporters.JUnitXMLReporter -->
<testsuite hostname="Narender-PC" name="Command line test" tests="3" failures="0" timestamp="9 Mar 2016 12:44:30 GMT" time="24.202" errors="0">
  <testcase name="testApp" time="0.009" classname="com.testing.AppTest"/>
  <testcase name="launchapp" time="15.096" classname="com.testing.Test1"/>
  <testcase name="test2" time="9.08" classname="com.testing.Test2"/>
</testsuite> <!-- Command line test -->
